<?xml version="1.0" encoding="UTF-8"?>
<coverage generated="1772102195906" clover="3.2.0">
  <project timestamp="1772102195906" name="All files">
    <metrics statements="9" coveredstatements="9" conditionals="16" coveredconditionals="16" methods="1" coveredmethods="1" elements="26" coveredelements="26" complexity="0" loc="9" ncloc="9" packages="1" files="1" classes="1"/>
    <file name="basic.js" path="C:\Users\ilya1\OneDrive\Рабочий стол\Учёба python\JavaScript\ajs-homeworks\test-ci\src\js\basic.js">
      <metrics statements="9" coveredstatements="9" conditionals="16" coveredconditionals="16" methods="1" coveredmethods="1"/>
      <line num="3" count="6" type="cond" truecount="2" falsecount="0"/>
      <line num="4" count="1" type="stmt"/>
      <line num="6" count="6" type="cond" truecount="4" falsecount="0"/>
      <line num="7" count="1" type="stmt"/>
      <line num="9" count="6" type="cond" truecount="4" falsecount="0"/>
      <line num="10" count="1" type="stmt"/>
      <line num="12" count="6" type="cond" truecount="6" falsecount="0"/>
      <line num="13" count="3" type="stmt"/>
      <line num="15" count="3" type="stmt"/>
    </file>
  </project>
</coverage>
